<?xml version="1.0" encoding="utf-8" standalone="no"?>
<test-run id="2" testcasecount="0" result="Failed" label="Invalid" total="0" passed="0" failed="0" inconclusive="0" skipped="0" asserts="0" engine-version="3.10.0.0" clr-version="4.0.30319.42000" start-time="2019-12-24 07:48:04Z" end-time="2019-12-24 07:48:06Z" duration="2.927922">
  <command-line><![CDATA[E:\SonarQube\FirstApplication\packages\NUnit.ConsoleRunner.3.10.0\tools\nunit3-console.exe  E:\SonarQube\FirstApplication\BasicTest\bin\Debug\BasicTest.dll]]></command-line>
  <test-suite type="Assembly" id="0-1" name="BasicTest.dll" fullname="E:\SonarQube\FirstApplication\BasicTest\bin\Debug\BasicTest.dll" testcasecount="0" runstate="NotRunnable" result="Failed" label="Invalid">
    <properties>
      <property name="_SKIPREASON" value="No suitable tests found in 'E:\SonarQube\FirstApplication\BasicTest\bin\Debug\BasicTest.dll'.&#xA;Either assembly contains no tests or proper test driver has not been found." />
    </properties>
    <reason>
      <message>No suitable tests found in 'E:\SonarQube\FirstApplication\BasicTest\bin\Debug\BasicTest.dll'.
Either assembly contains no tests or proper test driver has not been found.</message>
    </reason>
  </test-suite>
</test-run>